<?xml version="1.0" encoding="UTF-8"?>
<testsuite name="com.example.kpkn.data.onboarding.SetupActivationContractTest" tests="22" skipped="0" failures="0" errors="0" timestamp="2026-09-25T22:31:23.758Z" hostname="VF" time="2.492">
  <properties/>
  <testcase name="activatingPlanWhileTrackingOnlyIsEnabledResetsTheDurableFlag" classname="com.example.kpkn.data.onboarding.SetupActivationContractTest" time="0.539"/>
  <testcase name="replayOfReceiptDoesNotReactivateSupersededProgramOrPlan" classname="com.example.kpkn.data.onboarding.SetupActivationContractTest" time="0.252"/>
  <testcase name="visualEstimateObservationKeepsEstimatedProvenance" classname="com.example.kpkn.data.onboarding.SetupActivationContractTest" time="0.14"/>
  <testcase name="trackingOnlyDeactivatesActiveNutritionWithoutNewGoalsSnapshotOrPlanDeletion" classname="com.example.kpkn.data.onboarding.SetupActivationContractTest" time="0.138"/>
  <testcase name="emptyObservationIdRejectsAndRollsBack" classname="com.example.kpkn.data.onboarding.SetupActivationContractTest" time="0.108"/>
  <testcase name="sameObservationIdWithDifferentContentAcrossCommitsIsRejectedAndFirstRowIntact" classname="com.example.kpkn.data.onboarding.SetupActivationContractTest" time="0.103"/>
  <testcase name="normalProgramPlusNutritionActivationCommitsInventoryGoalsObservationsAndSnapshotTogether" classname="com.example.kpkn.data.onboarding.SetupActivationContractTest" time="0.114"/>
  <testcase name="duplicateObservationIdWithDifferentContentWithinSameCommitIsRejected" classname="com.example.kpkn.data.onboarding.SetupActivationContractTest" time="0.079"/>
  <testcase name="sameObservationIdWithIdenticalContentAcrossCommitsIsIdempotent" classname="com.example.kpkn.data.onboarding.SetupActivationContractTest" time="0.078"/>
  <testcase name="trackingOnlyViaSettingsPatchRejectsDerivedGoalsAndSnapshot" classname="com.example.kpkn.data.onboarding.SetupActivationContractTest" time="0.073"/>
  <testcase name="replay_of_availability_receipt_preserves_later_settings_without_duplicate_activation_rows" classname="com.example.kpkn.data.onboarding.SetupActivationContractTest" time="0.089"/>
  <testcase name="rollbackFailurePreservesProgramPlanObservationsReceiptAndDraft" classname="com.example.kpkn.data.onboarding.SetupActivationContractTest" time="0.081"/>
  <testcase name="duplicateIdenticalObservationIdsWithinSameCommitCommitOnce" classname="com.example.kpkn.data.onboarding.SetupActivationContractTest" time="0.086"/>
  <testcase name="invalidDeclaredObservationRejectsAndRollsBackProgramPlanSettingsReceiptAndDraft" classname="com.example.kpkn.data.onboarding.SetupActivationContractTest" time="0.078"/>
  <testcase name="retryWithSameReceiptDoesNotDuplicateObservations" classname="com.example.kpkn.data.onboarding.SetupActivationContractTest" time="0.073"/>
  <testcase name="availability_patch_updates_latest_settings_without_touching_numeric_stock" classname="com.example.kpkn.data.onboarding.SetupActivationContractTest" time="0.072"/>
  <testcase name="replayDoesNotOverwriteNewerPendingNutritionDraftNorDeleteNewerMainDraft" classname="com.example.kpkn.data.onboarding.SetupActivationContractTest" time="0.077"/>
  <testcase name="futureDatedObservationRejectsAndRollsBack" classname="com.example.kpkn.data.onboarding.SetupActivationContractTest" time="0.069"/>
  <testcase name="trackingOnlyIsExclusiveWithNutritionPlanAndActivation" classname="com.example.kpkn.data.onboarding.SetupActivationContractTest" time="0.067"/>
  <testcase name="unanswered_availability_patch_preserves_current_availability_and_stock" classname="com.example.kpkn.data.onboarding.SetupActivationContractTest" time="0.032"/>
  <testcase name="trackingOnlyViaSettingsPatchWithoutPlanAlsoDeactivates" classname="com.example.kpkn.data.onboarding.SetupActivationContractTest" time="0.07"/>
  <testcase name="conflictingTrackingOnlyPatchWithPlanRejectsAndRollsBack" classname="com.example.kpkn.data.onboarding.SetupActivationContractTest" time="0.073"/>
  <system-out><![CDATA[]]></system-out>
  <system-err><![CDATA[]]></system-err>
</testsuite>
